<?xml version="1.0" encoding="UTF-8"?>
<!-- Generated by org.testng.reporters.JUnitReportReporter -->
<testsuite name="SeleniumPractice.Maven1.IciciBenefitTest" tests="2" time="96.534" ignored="0" failures="0" timestamp="09 Apr 2020 08:58:37 GMT" skipped="0" hostname="DESKTOP-FFDIBMI" errors="0">
  <testcase name="displaydofd" time="48.424" classname="SeleniumPractice.Maven1.IciciBenefitTest"/>
  <testcase name="displayText" time="48.110" classname="SeleniumPractice.Maven1.IciciBenefitTest"/>
</testsuite> <!-- SeleniumPractice.Maven1.IciciBenefitTest -->
