<?xml version="1.0" encoding="UTF-8"?>
<!-- Generated by org.testng.reporters.JUnitReportReporter -->
<testsuite name="SeleniumPractice.Maven1.IciciHomeTest" tests="1" time="72.824" ignored="0" failures="0" timestamp="08 Apr 2020 12:53:26 GMT" skipped="0" hostname="DESKTOP-FFDIBMI" errors="0">
  <testcase name="methods" time="72.824" classname="SeleniumPractice.Maven1.IciciHomeTest"/>
</testsuite> <!-- SeleniumPractice.Maven1.IciciHomeTest -->
