<?xml version="1.0" encoding="UTF-8"?>
<!-- Generated by org.testng.reporters.JUnitReportReporter -->
<testsuite name="SeleniumPractice.Maven1.TestngIntro" tests="4" time="0.029" ignored="0" failures="0" timestamp="06 Apr 2020 01:20:21 GMT" skipped="0" hostname="DESKTOP-FFDIBMI" errors="0">
  <testcase name="start" time="0.023" classname="SeleniumPractice.Maven1.TestngIntro"/>
  <testcase name="first" time="0.001" classname="SeleniumPractice.Maven1.TestngIntro"/>
  <testcase name="second" time="0.003" classname="SeleniumPractice.Maven1.TestngIntro"/>
  <testcase name="third" time="0.002" classname="SeleniumPractice.Maven1.TestngIntro"/>
</testsuite> <!-- SeleniumPractice.Maven1.TestngIntro -->
