<?xml version="1.0" encoding="UTF-8"?>
<!-- Generated by org.testng.reporters.JUnitReportReporter -->
<testsuite name="SeleniumPractice.Maven1.IciciHomeTest" tests="3" time="168.829" ignored="0" failures="0" timestamp="09 Apr 2020 08:58:37 GMT" skipped="0" hostname="DESKTOP-FFDIBMI" errors="0">
  <testcase name="method3" time="49.086" classname="SeleniumPractice.Maven1.IciciHomeTest"/>
  <testcase name="method" time="52.581" classname="SeleniumPractice.Maven1.IciciHomeTest"/>
  <testcase name="method2" time="67.162" classname="SeleniumPractice.Maven1.IciciHomeTest"/>
</testsuite> <!-- SeleniumPractice.Maven1.IciciHomeTest -->
