<?xml version="1.0" encoding="UTF-8"?>
<!-- Generated by org.testng.reporters.JUnitReportReporter -->
<testsuite name="SeleniumPractice.Maven1.SecondHomePageTest" tests="1" time="75.279" ignored="0" failures="0" timestamp="08 Apr 2020 02:08:40 GMT" skipped="0" hostname="DESKTOP-FFDIBMI" errors="0">
  <testcase name="firstResultTest2" time="75.279" classname="SeleniumPractice.Maven1.SecondHomePageTest"/>
</testsuite> <!-- SeleniumPractice.Maven1.SecondHomePageTest -->
